LOG:	2020/07/24 10:26:42 keys.go:60: Got Keys for:  Mysql
LOG:	2020/07/24 10:26:42 qdbutil.go:29: Database Opened
LOG:	2020/07/24 10:26:42 keys.go:60: Got Keys for:  FMP
LOG:	2020/07/24 10:26:42 keys.go:60: Got Keys for:  IEX
LOG:	2020/07/24 10:26:42 update.go:30: Updtgtalloc completed
LOG:	2020/07/24 10:26:42 qdbupdate.go:39: sector update batch processing MMM
LOG:	2020/07/24 10:26:42 qdbupdate.go:39: sector update batch processing ABT
LOG:	2020/07/24 10:26:42 qdbupdate.go:39: sector update batch processing ABBV
LOG:	2020/07/24 10:26:42 qdbupdate.go:39: sector update batch processing ABMD
LOG:	2020/07/24 10:26:42 qdbupdate.go:39: sector update batch processing ACN
LOG:	2020/07/24 10:26:42 qdbupdate.go:39: sector update batch processing ATVI
LOG:	2020/07/24 10:26:42 qdbupdate.go:39: sector update batch processing ADBE
LOG:	2020/07/24 10:26:42 qdbupdate.go:39: sector update batch processing AMD
LOG:	2020/07/24 10:26:42 qdbupdate.go:39: sector update batch processing AAP
LOG:	2020/07/24 10:26:42 qdbupdate.go:39: sector update batch processing AES
LOG:	2020/07/24 10:26:42 qdbupdate.go:39: sector update batch processing AFL
LOG:	2020/07/24 10:26:42 qdbupdate.go:39: sector update batch processing A
LOG:	2020/07/24 10:26:42 qdbupdate.go:39: sector update batch processing APD
LOG:	2020/07/24 10:26:42 qdbupdate.go:39: sector update batch processing AKAM
LOG:	2020/07/24 10:26:42 qdbupdate.go:39: sector update batch processing ALK
LOG:	2020/07/24 10:26:42 qdbupdate.go:39: sector update batch processing ALB
LOG:	2020/07/24 10:26:42 qdbupdate.go:39: sector update batch processing ARE
LOG:	2020/07/24 10:26:42 qdbupdate.go:39: sector update batch processing ALXN
LOG:	2020/07/24 10:26:42 qdbupdate.go:39: sector update batch processing ALGN
LOG:	2020/07/24 10:26:42 qdbupdate.go:39: sector update batch processing ALLE
LOG:	2020/07/24 10:26:42 qdbupdate.go:39: sector update batch processing LNT
LOG:	2020/07/24 10:26:42 qdbupdate.go:39: sector update batch processing ALL
LOG:	2020/07/24 10:26:42 qdbupdate.go:39: sector update batch processing GOOGL
LOG:	2020/07/24 10:26:42 qdbupdate.go:39: sector update batch processing GOOG
LOG:	2020/07/24 10:26:42 qdbupdate.go:39: sector update batch processing MO
LOG:	2020/07/24 10:26:42 qdbupdate.go:39: sector update batch processing AMZN
LOG:	2020/07/24 10:26:42 qdbupdate.go:39: sector update batch processing AMCR
LOG:	2020/07/24 10:26:42 qdbupdate.go:39: sector update batch processing AEE
LOG:	2020/07/24 10:26:42 qdbupdate.go:39: sector update batch processing AAL
LOG:	2020/07/24 10:26:42 qdbupdate.go:39: sector update batch processing AEP
LOG:	2020/07/24 10:26:42 qdbupdate.go:39: sector update batch processing AXP
LOG:	2020/07/24 10:26:42 qdbupdate.go:39: sector update batch processing AIG
LOG:	2020/07/24 10:26:42 qdbupdate.go:39: sector update batch processing AMT
LOG:	2020/07/24 10:26:42 qdbupdate.go:39: sector update batch processing AWK
LOG:	2020/07/24 10:26:42 qdbupdate.go:39: sector update batch processing AMP
LOG:	2020/07/24 10:26:42 qdbupdate.go:39: sector update batch processing ABC
LOG:	2020/07/24 10:26:42 qdbupdate.go:39: sector update batch processing AME
LOG:	2020/07/24 10:26:42 qdbupdate.go:39: sector update batch processing AMGN
LOG:	2020/07/24 10:26:42 qdbupdate.go:39: sector update batch processing APH
LOG:	2020/07/24 10:26:42 qdbupdate.go:39: sector update batch processing ADI
LOG:	2020/07/24 10:26:42 qdbupdate.go:39: sector update batch processing ANSS
LOG:	2020/07/24 10:26:42 qdbupdate.go:39: sector update batch processing ANTM
LOG:	2020/07/24 10:26:42 qdbupdate.go:39: sector update batch processing AON
LOG:	2020/07/24 10:26:42 qdbupdate.go:39: sector update batch processing AOS
LOG:	2020/07/24 10:26:42 qdbupdate.go:39: sector update batch processing APA
LOG:	2020/07/24 10:26:42 qdbupdate.go:39: sector update batch processing AIV
LOG:	2020/07/24 10:26:42 qdbupdate.go:39: sector update batch processing AAPL
LOG:	2020/07/24 10:26:42 qdbupdate.go:39: sector update batch processing AMAT
LOG:	2020/07/24 10:26:42 qdbupdate.go:39: sector update batch processing APTV
LOG:	2020/07/24 10:26:42 qdbupdate.go:39: sector update batch processing ADM
LOG:	2020/07/24 10:26:42 qdbupdate.go:39: sector update batch processing ANET
LOG:	2020/07/24 10:26:42 qdbupdate.go:39: sector update batch processing AJG
LOG:	2020/07/24 10:26:42 qdbupdate.go:39: sector update batch processing AIZ
LOG:	2020/07/24 10:26:42 qdbupdate.go:39: sector update batch processing T
LOG:	2020/07/24 10:26:42 qdbupdate.go:39: sector update batch processing ATO
LOG:	2020/07/24 10:26:42 qdbupdate.go:39: sector update batch processing ADSK
LOG:	2020/07/24 10:26:42 qdbupdate.go:39: sector update batch processing ADP
LOG:	2020/07/24 10:26:42 qdbupdate.go:39: sector update batch processing AZO
LOG:	2020/07/24 10:26:42 qdbupdate.go:39: sector update batch processing AVB
LOG:	2020/07/24 10:26:42 qdbupdate.go:39: sector update batch processing AVY
LOG:	2020/07/24 10:26:42 qdbupdate.go:39: sector update batch processing BKR
LOG:	2020/07/24 10:26:42 qdbupdate.go:39: sector update batch processing BLL
LOG:	2020/07/24 10:26:42 qdbupdate.go:39: sector update batch processing BAC
LOG:	2020/07/24 10:26:42 qdbupdate.go:39: sector update batch processing BK
LOG:	2020/07/24 10:26:42 qdbupdate.go:39: sector update batch processing BAX
LOG:	2020/07/24 10:26:42 qdbupdate.go:39: sector update batch processing BDX
LOG:	2020/07/24 10:26:42 qdbupdate.go:39: sector update batch processing BRK.B
LOG:	2020/07/24 10:26:42 qdbupdate.go:39: sector update batch processing BBY
LOG:	2020/07/24 10:26:42 qdbupdate.go:39: sector update batch processing BIO
LOG:	2020/07/24 10:26:42 qdbupdate.go:39: sector update batch processing BIIB
LOG:	2020/07/24 10:26:42 qdbupdate.go:39: sector update batch processing BLK
LOG:	2020/07/24 10:26:42 qdbupdate.go:39: sector update batch processing BA
LOG:	2020/07/24 10:26:42 qdbupdate.go:39: sector update batch processing BKNG
LOG:	2020/07/24 10:26:42 qdbupdate.go:39: sector update batch processing BWA
LOG:	2020/07/24 10:26:42 qdbupdate.go:39: sector update batch processing BXP
LOG:	2020/07/24 10:26:42 qdbupdate.go:39: sector update batch processing BSX
LOG:	2020/07/24 10:26:42 qdbupdate.go:39: sector update batch processing BMY
LOG:	2020/07/24 10:26:42 qdbupdate.go:39: sector update batch processing AVGO
LOG:	2020/07/24 10:26:42 qdbupdate.go:39: sector update batch processing BR
LOG:	2020/07/24 10:26:42 qdbupdate.go:39: sector update batch processing BF.B
LOG:	2020/07/24 10:26:42 qdbupdate.go:39: sector update batch processing CHRW
LOG:	2020/07/24 10:26:42 qdbupdate.go:39: sector update batch processing COG
LOG:	2020/07/24 10:26:42 qdbupdate.go:39: sector update batch processing CDNS
LOG:	2020/07/24 10:26:42 qdbupdate.go:39: sector update batch processing CPB
LOG:	2020/07/24 10:26:42 qdbupdate.go:39: sector update batch processing COF
LOG:	2020/07/24 10:26:42 qdbupdate.go:39: sector update batch processing CAH
LOG:	2020/07/24 10:26:42 qdbupdate.go:39: sector update batch processing KMX
LOG:	2020/07/24 10:26:42 qdbupdate.go:39: sector update batch processing CCL
LOG:	2020/07/24 10:26:42 qdbupdate.go:39: sector update batch processing CARR
LOG:	2020/07/24 10:26:42 qdbupdate.go:39: sector update batch processing CAT
LOG:	2020/07/24 10:26:42 qdbupdate.go:39: sector update batch processing CBOE
LOG:	2020/07/24 10:26:42 qdbupdate.go:39: sector update batch processing CBRE
LOG:	2020/07/24 10:26:42 qdbupdate.go:39: sector update batch processing CDW
LOG:	2020/07/24 10:26:42 qdbupdate.go:39: sector update batch processing CE
LOG:	2020/07/24 10:26:42 qdbupdate.go:39: sector update batch processing CNC
LOG:	2020/07/24 10:26:42 qdbupdate.go:39: sector update batch processing CNP
LOG:	2020/07/24 10:26:42 qdbupdate.go:39: sector update batch processing CTL
LOG:	2020/07/24 10:26:42 qdbupdate.go:39: sector update batch processing CERN
LOG:	2020/07/24 10:26:42 qdbupdate.go:39: sector update batch processing CF
LOG:	2020/07/24 10:26:42 qdbupdate.go:39: sector update batch processing SCHW
LOG:	2020/07/24 10:26:42 qdbupdate.go:39: sector update batch processing CHTR
LOG:	2020/07/24 10:26:42 qdbupdate.go:39: sector update batch processing CVX
LOG:	2020/07/24 10:26:42 qdbupdate.go:39: sector update batch processing CMG
LOG:	2020/07/24 10:26:42 qdbupdate.go:39: sector update batch processing CB
LOG:	2020/07/24 10:26:42 qdbupdate.go:39: sector update batch processing CHD
LOG:	2020/07/24 10:26:42 qdbupdate.go:39: sector update batch processing CI
LOG:	2020/07/24 10:26:42 qdbupdate.go:39: sector update batch processing CINF
LOG:	2020/07/24 10:26:42 qdbupdate.go:39: sector update batch processing CTAS
LOG:	2020/07/24 10:26:42 qdbupdate.go:39: sector update batch processing CSCO
LOG:	2020/07/24 10:26:42 qdbupdate.go:39: sector update batch processing C
LOG:	2020/07/24 10:26:42 qdbupdate.go:39: sector update batch processing CFG
LOG:	2020/07/24 10:26:42 qdbupdate.go:39: sector update batch processing CTXS
LOG:	2020/07/24 10:26:42 qdbupdate.go:39: sector update batch processing CLX
LOG:	2020/07/24 10:26:42 qdbupdate.go:39: sector update batch processing CME
LOG:	2020/07/24 10:26:42 qdbupdate.go:39: sector update batch processing CMS
LOG:	2020/07/24 10:26:42 qdbupdate.go:39: sector update batch processing KO
LOG:	2020/07/24 10:26:42 qdbupdate.go:39: sector update batch processing CTSH
LOG:	2020/07/24 10:26:42 qdbupdate.go:39: sector update batch processing CL
LOG:	2020/07/24 10:26:42 qdbupdate.go:39: sector update batch processing CMCSA
LOG:	2020/07/24 10:26:42 qdbupdate.go:39: sector update batch processing CMA
LOG:	2020/07/24 10:26:42 qdbupdate.go:39: sector update batch processing CAG
LOG:	2020/07/24 10:26:42 qdbupdate.go:39: sector update batch processing CXO
LOG:	2020/07/24 10:26:42 qdbupdate.go:39: sector update batch processing COP
LOG:	2020/07/24 10:26:42 qdbupdate.go:39: sector update batch processing ED
LOG:	2020/07/24 10:26:42 qdbupdate.go:39: sector update batch processing STZ
LOG:	2020/07/24 10:26:42 qdbupdate.go:39: sector update batch processing COO
LOG:	2020/07/24 10:26:42 qdbupdate.go:39: sector update batch processing CPRT
LOG:	2020/07/24 10:26:42 qdbupdate.go:39: sector update batch processing GLW
LOG:	2020/07/24 10:26:42 qdbupdate.go:39: sector update batch processing CTVA
LOG:	2020/07/24 10:26:42 qdbupdate.go:39: sector update batch processing COST
LOG:	2020/07/24 10:26:42 qdbupdate.go:39: sector update batch processing COTY
LOG:	2020/07/24 10:26:42 qdbupdate.go:39: sector update batch processing CCI
LOG:	2020/07/24 10:26:42 qdbupdate.go:39: sector update batch processing CSX
LOG:	2020/07/24 10:26:42 qdbupdate.go:39: sector update batch processing CMI
LOG:	2020/07/24 10:26:42 qdbupdate.go:39: sector update batch processing CVS
LOG:	2020/07/24 10:26:42 qdbupdate.go:39: sector update batch processing DHI
LOG:	2020/07/24 10:26:42 qdbupdate.go:39: sector update batch processing DHR
LOG:	2020/07/24 10:26:42 qdbupdate.go:39: sector update batch processing DRI
LOG:	2020/07/24 10:26:42 qdbupdate.go:39: sector update batch processing DVA
LOG:	2020/07/24 10:26:42 qdbupdate.go:39: sector update batch processing DE
LOG:	2020/07/24 10:26:42 qdbupdate.go:39: sector update batch processing DAL
LOG:	2020/07/24 10:26:42 qdbupdate.go:39: sector update batch processing XRAY
LOG:	2020/07/24 10:26:42 qdbupdate.go:39: sector update batch processing DVN
LOG:	2020/07/24 10:26:42 qdbupdate.go:39: sector update batch processing DXCM
LOG:	2020/07/24 10:26:42 qdbupdate.go:39: sector update batch processing FANG
LOG:	2020/07/24 10:26:42 qdbupdate.go:39: sector update batch processing DLR
LOG:	2020/07/24 10:26:42 qdbupdate.go:39: sector update batch processing DFS
LOG:	2020/07/24 10:26:42 qdbupdate.go:39: sector update batch processing DISCA
LOG:	2020/07/24 10:26:42 qdbupdate.go:39: sector update batch processing DISCK
LOG:	2020/07/24 10:26:42 qdbupdate.go:39: sector update batch processing DISH
LOG:	2020/07/24 10:26:42 qdbupdate.go:39: sector update batch processing DG
LOG:	2020/07/24 10:26:42 qdbupdate.go:39: sector update batch processing DLTR
LOG:	2020/07/24 10:26:42 qdbupdate.go:39: sector update batch processing D
LOG:	2020/07/24 10:26:42 qdbupdate.go:39: sector update batch processing DPZ
LOG:	2020/07/24 10:26:42 qdbupdate.go:39: sector update batch processing DOV
LOG:	2020/07/24 10:26:42 qdbupdate.go:39: sector update batch processing DOW
LOG:	2020/07/24 10:26:42 qdbupdate.go:39: sector update batch processing DTE
LOG:	2020/07/24 10:26:42 qdbupdate.go:39: sector update batch processing DUK
LOG:	2020/07/24 10:26:42 qdbupdate.go:39: sector update batch processing DRE
LOG:	2020/07/24 10:26:42 qdbupdate.go:39: sector update batch processing DD
LOG:	2020/07/24 10:26:42 qdbupdate.go:39: sector update batch processing DXC
LOG:	2020/07/24 10:26:42 qdbupdate.go:39: sector update batch processing ETFC
LOG:	2020/07/24 10:26:42 qdbupdate.go:39: sector update batch processing EMN
LOG:	2020/07/24 10:26:42 qdbupdate.go:39: sector update batch processing ETN
LOG:	2020/07/24 10:26:42 qdbupdate.go:39: sector update batch processing EBAY
LOG:	2020/07/24 10:26:42 qdbupdate.go:39: sector update batch processing ECL
LOG:	2020/07/24 10:26:42 qdbupdate.go:39: sector update batch processing EIX
LOG:	2020/07/24 10:26:42 qdbupdate.go:39: sector update batch processing EW
LOG:	2020/07/24 10:26:42 qdbupdate.go:39: sector update batch processing EA
LOG:	2020/07/24 10:26:42 qdbupdate.go:39: sector update batch processing EMR
LOG:	2020/07/24 10:26:42 qdbupdate.go:39: sector update batch processing ETR
LOG:	2020/07/24 10:26:42 qdbupdate.go:39: sector update batch processing EOG
LOG:	2020/07/24 10:26:42 qdbupdate.go:39: sector update batch processing EFX
LOG:	2020/07/24 10:26:42 qdbupdate.go:39: sector update batch processing EQIX
LOG:	2020/07/24 10:26:42 qdbupdate.go:39: sector update batch processing EQR
LOG:	2020/07/24 10:26:42 qdbupdate.go:39: sector update batch processing ESS
LOG:	2020/07/24 10:26:42 qdbupdate.go:39: sector update batch processing EL
LOG:	2020/07/24 10:26:42 qdbupdate.go:39: sector update batch processing EVRG
LOG:	2020/07/24 10:26:42 qdbupdate.go:39: sector update batch processing ES
LOG:	2020/07/24 10:26:42 qdbupdate.go:39: sector update batch processing RE
LOG:	2020/07/24 10:26:42 qdbupdate.go:39: sector update batch processing EXC
LOG:	2020/07/24 10:26:42 qdbupdate.go:39: sector update batch processing EXPE
LOG:	2020/07/24 10:26:42 qdbupdate.go:39: sector update batch processing EXPD
LOG:	2020/07/24 10:26:42 qdbupdate.go:39: sector update batch processing EXR
LOG:	2020/07/24 10:26:42 qdbupdate.go:39: sector update batch processing XOM
LOG:	2020/07/24 10:26:42 qdbupdate.go:39: sector update batch processing FFIV
LOG:	2020/07/24 10:26:42 qdbupdate.go:39: sector update batch processing FB
LOG:	2020/07/24 10:26:42 qdbupdate.go:39: sector update batch processing FAST
LOG:	2020/07/24 10:26:42 qdbupdate.go:39: sector update batch processing FRT
LOG:	2020/07/24 10:26:42 qdbupdate.go:39: sector update batch processing FDX
LOG:	2020/07/24 10:26:42 qdbupdate.go:39: sector update batch processing FIS
LOG:	2020/07/24 10:26:42 qdbupdate.go:39: sector update batch processing FITB
LOG:	2020/07/24 10:26:42 qdbupdate.go:39: sector update batch processing FE
LOG:	2020/07/24 10:26:42 qdbupdate.go:39: sector update batch processing FRC
LOG:	2020/07/24 10:26:42 qdbupdate.go:39: sector update batch processing FISV
LOG:	2020/07/24 10:26:42 qdbupdate.go:39: sector update batch processing FLT
LOG:	2020/07/24 10:26:42 qdbupdate.go:39: sector update batch processing FLIR
LOG:	2020/07/24 10:26:42 qdbupdate.go:39: sector update batch processing FLS
LOG:	2020/07/24 10:26:42 qdbupdate.go:39: sector update batch processing FMC
LOG:	2020/07/24 10:26:42 qdbupdate.go:39: sector update batch processing F
LOG:	2020/07/24 10:26:42 qdbupdate.go:39: sector update batch processing FTNT
LOG:	2020/07/24 10:26:42 qdbupdate.go:39: sector update batch processing FTV
LOG:	2020/07/24 10:26:42 qdbupdate.go:39: sector update batch processing FBHS
LOG:	2020/07/24 10:26:42 qdbupdate.go:39: sector update batch processing FOXA
LOG:	2020/07/24 10:26:42 qdbupdate.go:39: sector update batch processing FOX
LOG:	2020/07/24 10:26:42 qdbupdate.go:39: sector update batch processing BEN
LOG:	2020/07/24 10:26:42 qdbupdate.go:39: sector update batch processing FCX
LOG:	2020/07/24 10:26:42 qdbupdate.go:39: sector update batch processing GPS
LOG:	2020/07/24 10:26:42 qdbupdate.go:39: sector update batch processing GRMN
LOG:	2020/07/24 10:26:42 qdbupdate.go:39: sector update batch processing IT
LOG:	2020/07/24 10:26:42 qdbupdate.go:39: sector update batch processing GD
LOG:	2020/07/24 10:26:42 qdbupdate.go:39: sector update batch processing GE
LOG:	2020/07/24 10:26:42 qdbupdate.go:39: sector update batch processing GIS
LOG:	2020/07/24 10:26:42 qdbupdate.go:39: sector update batch processing GM
LOG:	2020/07/24 10:26:42 qdbupdate.go:39: sector update batch processing GPC
LOG:	2020/07/24 10:26:42 qdbupdate.go:39: sector update batch processing GILD
LOG:	2020/07/24 10:26:42 qdbupdate.go:39: sector update batch processing GL
LOG:	2020/07/24 10:26:42 qdbupdate.go:39: sector update batch processing GPN
LOG:	2020/07/24 10:26:42 qdbupdate.go:39: sector update batch processing GS
LOG:	2020/07/24 10:26:42 qdbupdate.go:39: sector update batch processing GWW
LOG:	2020/07/24 10:26:42 qdbupdate.go:39: sector update batch processing HRB
LOG:	2020/07/24 10:26:42 qdbupdate.go:39: sector update batch processing HAL
LOG:	2020/07/24 10:26:42 qdbupdate.go:39: sector update batch processing HBI
LOG:	2020/07/24 10:26:42 qdbupdate.go:39: sector update batch processing HIG
LOG:	2020/07/24 10:26:42 qdbupdate.go:39: sector update batch processing HAS
LOG:	2020/07/24 10:26:42 qdbupdate.go:39: sector update batch processing HCA
LOG:	2020/07/24 10:26:42 qdbupdate.go:39: sector update batch processing PEAK
LOG:	2020/07/24 10:26:42 qdbupdate.go:39: sector update batch processing HSIC
LOG:	2020/07/24 10:26:42 qdbupdate.go:39: sector update batch processing HSY
LOG:	2020/07/24 10:26:42 qdbupdate.go:39: sector update batch processing HES
LOG:	2020/07/24 10:26:42 qdbupdate.go:39: sector update batch processing HPE
LOG:	2020/07/24 10:26:42 qdbupdate.go:39: sector update batch processing HLT
LOG:	2020/07/24 10:26:42 qdbupdate.go:39: sector update batch processing HFC
LOG:	2020/07/24 10:26:42 qdbupdate.go:39: sector update batch processing HOLX
LOG:	2020/07/24 10:26:42 qdbupdate.go:39: sector update batch processing HD
LOG:	2020/07/24 10:26:42 qdbupdate.go:39: sector update batch processing HON
LOG:	2020/07/24 10:26:42 qdbupdate.go:39: sector update batch processing HRL
LOG:	2020/07/24 10:26:42 qdbupdate.go:39: sector update batch processing HST
LOG:	2020/07/24 10:26:42 qdbupdate.go:39: sector update batch processing HWM
LOG:	2020/07/24 10:26:42 qdbupdate.go:39: sector update batch processing HPQ
LOG:	2020/07/24 10:26:42 qdbupdate.go:39: sector update batch processing HUM
LOG:	2020/07/24 10:26:42 qdbupdate.go:39: sector update batch processing HBAN
LOG:	2020/07/24 10:26:42 qdbupdate.go:39: sector update batch processing HII
LOG:	2020/07/24 10:26:42 qdbupdate.go:39: sector update batch processing IEX
LOG:	2020/07/24 10:26:42 qdbupdate.go:39: sector update batch processing IDXX
LOG:	2020/07/24 10:26:42 qdbupdate.go:39: sector update batch processing INFO
LOG:	2020/07/24 10:26:42 qdbupdate.go:39: sector update batch processing ITW
LOG:	2020/07/24 10:26:42 qdbupdate.go:39: sector update batch processing ILMN
LOG:	2020/07/24 10:26:42 qdbupdate.go:39: sector update batch processing INCY
LOG:	2020/07/24 10:26:42 qdbupdate.go:39: sector update batch processing IR
LOG:	2020/07/24 10:26:42 qdbupdate.go:39: sector update batch processing INTC
LOG:	2020/07/24 10:26:42 qdbupdate.go:39: sector update batch processing ICE
LOG:	2020/07/24 10:26:42 qdbupdate.go:39: sector update batch processing IBM
LOG:	2020/07/24 10:26:42 qdbupdate.go:39: sector update batch processing IP
LOG:	2020/07/24 10:26:42 qdbupdate.go:39: sector update batch processing IPG
LOG:	2020/07/24 10:26:42 qdbupdate.go:39: sector update batch processing IFF
LOG:	2020/07/24 10:26:42 qdbupdate.go:39: sector update batch processing INTU
LOG:	2020/07/24 10:26:42 qdbupdate.go:39: sector update batch processing ISRG
LOG:	2020/07/24 10:26:42 qdbupdate.go:39: sector update batch processing IVZ
LOG:	2020/07/24 10:26:42 qdbupdate.go:39: sector update batch processing IPGP
LOG:	2020/07/24 10:26:42 qdbupdate.go:39: sector update batch processing IQV
LOG:	2020/07/24 10:26:42 qdbupdate.go:39: sector update batch processing IRM
LOG:	2020/07/24 10:26:42 qdbupdate.go:39: sector update batch processing JKHY
LOG:	2020/07/24 10:26:42 qdbupdate.go:39: sector update batch processing J
LOG:	2020/07/24 10:26:42 qdbupdate.go:39: sector update batch processing JBHT
LOG:	2020/07/24 10:26:42 qdbupdate.go:39: sector update batch processing SJM
LOG:	2020/07/24 10:26:42 qdbupdate.go:39: sector update batch processing JNJ
LOG:	2020/07/24 10:26:42 qdbupdate.go:39: sector update batch processing JCI
LOG:	2020/07/24 10:26:42 qdbupdate.go:39: sector update batch processing JPM
LOG:	2020/07/24 10:26:42 qdbupdate.go:39: sector update batch processing JNPR
LOG:	2020/07/24 10:26:42 qdbupdate.go:39: sector update batch processing KSU
LOG:	2020/07/24 10:26:42 qdbupdate.go:39: sector update batch processing K
LOG:	2020/07/24 10:26:42 qdbupdate.go:39: sector update batch processing KEY
LOG:	2020/07/24 10:26:42 qdbupdate.go:39: sector update batch processing KEYS
LOG:	2020/07/24 10:26:42 qdbupdate.go:39: sector update batch processing KMB
LOG:	2020/07/24 10:26:42 qdbupdate.go:39: sector update batch processing KIM
LOG:	2020/07/24 10:26:42 qdbupdate.go:39: sector update batch processing KMI
LOG:	2020/07/24 10:26:42 qdbupdate.go:39: sector update batch processing KLAC
LOG:	2020/07/24 10:26:42 qdbupdate.go:39: sector update batch processing KSS
LOG:	2020/07/24 10:26:42 qdbupdate.go:39: sector update batch processing KHC
LOG:	2020/07/24 10:26:42 qdbupdate.go:39: sector update batch processing KR
LOG:	2020/07/24 10:26:42 qdbupdate.go:39: sector update batch processing LB
LOG:	2020/07/24 10:26:42 qdbupdate.go:39: sector update batch processing LHX
LOG:	2020/07/24 10:26:42 qdbupdate.go:39: sector update batch processing LH
LOG:	2020/07/24 10:26:42 qdbupdate.go:39: sector update batch processing LRCX
LOG:	2020/07/24 10:26:42 qdbupdate.go:39: sector update batch processing LW
LOG:	2020/07/24 10:26:42 qdbupdate.go:39: sector update batch processing LVS
LOG:	2020/07/24 10:26:42 qdbupdate.go:39: sector update batch processing LEG
LOG:	2020/07/24 10:26:42 qdbupdate.go:39: sector update batch processing LDOS
LOG:	2020/07/24 10:26:42 qdbupdate.go:39: sector update batch processing LEN
LOG:	2020/07/24 10:26:42 qdbupdate.go:39: sector update batch processing LLY
LOG:	2020/07/24 10:26:42 qdbupdate.go:39: sector update batch processing LNC
LOG:	2020/07/24 10:26:42 qdbupdate.go:39: sector update batch processing LIN
LOG:	2020/07/24 10:26:42 qdbupdate.go:39: sector update batch processing LYV
LOG:	2020/07/24 10:26:42 qdbupdate.go:39: sector update batch processing LKQ
LOG:	2020/07/24 10:26:42 qdbupdate.go:39: sector update batch processing LMT
LOG:	2020/07/24 10:26:42 qdbupdate.go:39: sector update batch processing L
LOG:	2020/07/24 10:26:42 qdbupdate.go:39: sector update batch processing LOW
LOG:	2020/07/24 10:26:42 qdbupdate.go:39: sector update batch processing LYB
LOG:	2020/07/24 10:26:42 qdbupdate.go:39: sector update batch processing MTB
LOG:	2020/07/24 10:26:42 qdbupdate.go:39: sector update batch processing MRO
LOG:	2020/07/24 10:26:42 qdbupdate.go:39: sector update batch processing MPC
LOG:	2020/07/24 10:26:42 qdbupdate.go:39: sector update batch processing MKTX
LOG:	2020/07/24 10:26:42 qdbupdate.go:39: sector update batch processing MAR
LOG:	2020/07/24 10:26:42 qdbupdate.go:39: sector update batch processing MMC
LOG:	2020/07/24 10:26:42 qdbupdate.go:39: sector update batch processing MLM
LOG:	2020/07/24 10:26:42 qdbupdate.go:39: sector update batch processing MAS
LOG:	2020/07/24 10:26:42 qdbupdate.go:39: sector update batch processing MA
LOG:	2020/07/24 10:26:42 qdbupdate.go:39: sector update batch processing MKC
LOG:	2020/07/24 10:26:42 qdbupdate.go:39: sector update batch processing MXIM
LOG:	2020/07/24 10:26:42 qdbupdate.go:39: sector update batch processing MCD
LOG:	2020/07/24 10:26:42 qdbupdate.go:39: sector update batch processing MCK
LOG:	2020/07/24 10:26:42 qdbupdate.go:39: sector update batch processing MDT
LOG:	2020/07/24 10:26:42 qdbupdate.go:39: sector update batch processing MRK
LOG:	2020/07/24 10:26:42 qdbupdate.go:39: sector update batch processing MET
LOG:	2020/07/24 10:26:42 qdbupdate.go:39: sector update batch processing MTD
LOG:	2020/07/24 10:26:42 qdbupdate.go:39: sector update batch processing MGM
LOG:	2020/07/24 10:26:42 qdbupdate.go:39: sector update batch processing MCHP
LOG:	2020/07/24 10:26:42 qdbupdate.go:39: sector update batch processing MU
LOG:	2020/07/24 10:26:42 qdbupdate.go:39: sector update batch processing MSFT
LOG:	2020/07/24 10:26:42 qdbupdate.go:39: sector update batch processing MAA
LOG:	2020/07/24 10:26:42 qdbupdate.go:39: sector update batch processing MHK
LOG:	2020/07/24 10:26:42 qdbupdate.go:39: sector update batch processing TAP
LOG:	2020/07/24 10:26:42 qdbupdate.go:39: sector update batch processing MDLZ
LOG:	2020/07/24 10:26:42 qdbupdate.go:39: sector update batch processing MNST
LOG:	2020/07/24 10:26:42 qdbupdate.go:39: sector update batch processing MCO
LOG:	2020/07/24 10:26:42 qdbupdate.go:39: sector update batch processing MS
LOG:	2020/07/24 10:26:42 qdbupdate.go:39: sector update batch processing MOS
LOG:	2020/07/24 10:26:42 qdbupdate.go:39: sector update batch processing MSI
LOG:	2020/07/24 10:26:42 qdbupdate.go:39: sector update batch processing MSCI
LOG:	2020/07/24 10:26:42 qdbupdate.go:39: sector update batch processing MYL
LOG:	2020/07/24 10:26:42 qdbupdate.go:39: sector update batch processing NDAQ
LOG:	2020/07/24 10:26:42 qdbupdate.go:39: sector update batch processing NOV
LOG:	2020/07/24 10:26:42 qdbupdate.go:39: sector update batch processing NTAP
LOG:	2020/07/24 10:26:42 qdbupdate.go:39: sector update batch processing NFLX
LOG:	2020/07/24 10:26:42 qdbupdate.go:39: sector update batch processing NWL
LOG:	2020/07/24 10:26:42 qdbupdate.go:39: sector update batch processing NEM
LOG:	2020/07/24 10:26:42 qdbupdate.go:39: sector update batch processing NWSA
LOG:	2020/07/24 10:26:42 qdbupdate.go:39: sector update batch processing NWS
LOG:	2020/07/24 10:26:42 qdbupdate.go:39: sector update batch processing NEE
LOG:	2020/07/24 10:26:42 qdbupdate.go:39: sector update batch processing NLSN
LOG:	2020/07/24 10:26:42 qdbupdate.go:39: sector update batch processing NKE
LOG:	2020/07/24 10:26:42 qdbupdate.go:39: sector update batch processing NI
LOG:	2020/07/24 10:26:42 qdbupdate.go:39: sector update batch processing NBL
LOG:	2020/07/24 10:26:42 qdbupdate.go:39: sector update batch processing NSC
LOG:	2020/07/24 10:26:42 qdbupdate.go:39: sector update batch processing NTRS
LOG:	2020/07/24 10:26:42 qdbupdate.go:39: sector update batch processing NOC
LOG:	2020/07/24 10:26:42 qdbupdate.go:39: sector update batch processing NLOK
LOG:	2020/07/24 10:26:42 qdbupdate.go:39: sector update batch processing NCLH
LOG:	2020/07/24 10:26:42 qdbupdate.go:39: sector update batch processing NRG
LOG:	2020/07/24 10:26:42 qdbupdate.go:39: sector update batch processing NUE
LOG:	2020/07/24 10:26:42 qdbupdate.go:39: sector update batch processing NVDA
LOG:	2020/07/24 10:26:42 qdbupdate.go:39: sector update batch processing NVR
LOG:	2020/07/24 10:26:42 qdbupdate.go:39: sector update batch processing ORLY
LOG:	2020/07/24 10:26:42 qdbupdate.go:39: sector update batch processing OXY
LOG:	2020/07/24 10:26:42 qdbupdate.go:39: sector update batch processing ODFL
LOG:	2020/07/24 10:26:42 qdbupdate.go:39: sector update batch processing OMC
LOG:	2020/07/24 10:26:42 qdbupdate.go:39: sector update batch processing OKE
LOG:	2020/07/24 10:26:42 qdbupdate.go:39: sector update batch processing ORCL
LOG:	2020/07/24 10:26:42 qdbupdate.go:39: sector update batch processing OTIS
LOG:	2020/07/24 10:26:42 qdbupdate.go:39: sector update batch processing PCAR
LOG:	2020/07/24 10:26:42 qdbupdate.go:39: sector update batch processing PKG
LOG:	2020/07/24 10:26:42 qdbupdate.go:39: sector update batch processing PH
LOG:	2020/07/24 10:26:42 qdbupdate.go:39: sector update batch processing PAYX
LOG:	2020/07/24 10:26:42 qdbupdate.go:39: sector update batch processing PAYC
LOG:	2020/07/24 10:26:42 qdbupdate.go:39: sector update batch processing PYPL
LOG:	2020/07/24 10:26:42 qdbupdate.go:39: sector update batch processing PNR
LOG:	2020/07/24 10:26:42 qdbupdate.go:39: sector update batch processing PBCT
LOG:	2020/07/24 10:26:42 qdbupdate.go:39: sector update batch processing PEP
LOG:	2020/07/24 10:26:42 qdbupdate.go:39: sector update batch processing PKI
LOG:	2020/07/24 10:26:42 qdbupdate.go:39: sector update batch processing PRGO
LOG:	2020/07/24 10:26:42 qdbupdate.go:39: sector update batch processing PFE
LOG:	2020/07/24 10:26:42 qdbupdate.go:39: sector update batch processing PM
LOG:	2020/07/24 10:26:42 qdbupdate.go:39: sector update batch processing PSX
LOG:	2020/07/24 10:26:42 qdbupdate.go:39: sector update batch processing PNW
LOG:	2020/07/24 10:26:42 qdbupdate.go:39: sector update batch processing PXD
LOG:	2020/07/24 10:26:42 qdbupdate.go:39: sector update batch processing PNC
LOG:	2020/07/24 10:26:42 qdbupdate.go:39: sector update batch processing PPG
LOG:	2020/07/24 10:26:42 qdbupdate.go:39: sector update batch processing PPL
LOG:	2020/07/24 10:26:42 qdbupdate.go:39: sector update batch processing PFG
LOG:	2020/07/24 10:26:42 qdbupdate.go:39: sector update batch processing PG
LOG:	2020/07/24 10:26:42 qdbupdate.go:39: sector update batch processing PGR
LOG:	2020/07/24 10:26:42 qdbupdate.go:39: sector update batch processing PLD
LOG:	2020/07/24 10:26:42 qdbupdate.go:39: sector update batch processing PRU
LOG:	2020/07/24 10:26:42 qdbupdate.go:39: sector update batch processing PEG
LOG:	2020/07/24 10:26:42 qdbupdate.go:39: sector update batch processing PSA
LOG:	2020/07/24 10:26:42 qdbupdate.go:39: sector update batch processing PHM
LOG:	2020/07/24 10:26:42 qdbupdate.go:39: sector update batch processing PVH
LOG:	2020/07/24 10:26:42 qdbupdate.go:39: sector update batch processing QRVO
LOG:	2020/07/24 10:26:42 qdbupdate.go:39: sector update batch processing PWR
LOG:	2020/07/24 10:26:42 qdbupdate.go:39: sector update batch processing QCOM
LOG:	2020/07/24 10:26:42 qdbupdate.go:39: sector update batch processing DGX
LOG:	2020/07/24 10:26:42 qdbupdate.go:39: sector update batch processing RL
LOG:	2020/07/24 10:26:42 qdbupdate.go:39: sector update batch processing RJF
LOG:	2020/07/24 10:26:42 qdbupdate.go:39: sector update batch processing RTX
LOG:	2020/07/24 10:26:42 qdbupdate.go:39: sector update batch processing O
LOG:	2020/07/24 10:26:42 qdbupdate.go:39: sector update batch processing REG
LOG:	2020/07/24 10:26:42 qdbupdate.go:39: sector update batch processing REGN
LOG:	2020/07/24 10:26:42 qdbupdate.go:39: sector update batch processing RF
LOG:	2020/07/24 10:26:42 qdbupdate.go:39: sector update batch processing RSG
LOG:	2020/07/24 10:26:42 qdbupdate.go:39: sector update batch processing RMD
LOG:	2020/07/24 10:26:42 qdbupdate.go:39: sector update batch processing RHI
LOG:	2020/07/24 10:26:42 qdbupdate.go:39: sector update batch processing ROK
LOG:	2020/07/24 10:26:42 qdbupdate.go:39: sector update batch processing ROL
LOG:	2020/07/24 10:26:42 qdbupdate.go:39: sector update batch processing ROP
LOG:	2020/07/24 10:26:42 qdbupdate.go:39: sector update batch processing ROST
LOG:	2020/07/24 10:26:42 qdbupdate.go:39: sector update batch processing RCL
LOG:	2020/07/24 10:26:42 qdbupdate.go:39: sector update batch processing SPGI
LOG:	2020/07/24 10:26:42 qdbupdate.go:39: sector update batch processing CRM
LOG:	2020/07/24 10:26:42 qdbupdate.go:39: sector update batch processing SBAC
LOG:	2020/07/24 10:26:42 qdbupdate.go:39: sector update batch processing SLB
LOG:	2020/07/24 10:26:42 qdbupdate.go:39: sector update batch processing STX
LOG:	2020/07/24 10:26:42 qdbupdate.go:39: sector update batch processing SEE
LOG:	2020/07/24 10:26:42 qdbupdate.go:39: sector update batch processing SRE
LOG:	2020/07/24 10:26:42 qdbupdate.go:39: sector update batch processing NOW
LOG:	2020/07/24 10:26:42 qdbupdate.go:39: sector update batch processing SHW
LOG:	2020/07/24 10:26:42 qdbupdate.go:39: sector update batch processing SPG
LOG:	2020/07/24 10:26:42 qdbupdate.go:39: sector update batch processing SWKS
LOG:	2020/07/24 10:26:42 qdbupdate.go:39: sector update batch processing SLG
LOG:	2020/07/24 10:26:42 qdbupdate.go:39: sector update batch processing SNA
LOG:	2020/07/24 10:26:42 qdbupdate.go:39: sector update batch processing SO
LOG:	2020/07/24 10:26:42 qdbupdate.go:39: sector update batch processing LUV
LOG:	2020/07/24 10:26:42 qdbupdate.go:39: sector update batch processing SWK
LOG:	2020/07/24 10:26:42 qdbupdate.go:39: sector update batch processing SBUX
LOG:	2020/07/24 10:26:42 qdbupdate.go:39: sector update batch processing STT
LOG:	2020/07/24 10:26:42 qdbupdate.go:39: sector update batch processing STE
LOG:	2020/07/24 10:26:42 qdbupdate.go:39: sector update batch processing SYK
LOG:	2020/07/24 10:26:42 qdbupdate.go:39: sector update batch processing SIVB
LOG:	2020/07/24 10:26:42 qdbupdate.go:39: sector update batch processing SYF
LOG:	2020/07/24 10:26:42 qdbupdate.go:39: sector update batch processing SNPS
LOG:	2020/07/24 10:26:42 qdbupdate.go:39: sector update batch processing SYY
LOG:	2020/07/24 10:26:42 qdbupdate.go:39: sector update batch processing TMUS
LOG:	2020/07/24 10:26:42 qdbupdate.go:39: sector update batch processing TROW
LOG:	2020/07/24 10:26:42 qdbupdate.go:39: sector update batch processing TTWO
LOG:	2020/07/24 10:26:42 qdbupdate.go:39: sector update batch processing TPR
LOG:	2020/07/24 10:26:42 qdbupdate.go:39: sector update batch processing TGT
LOG:	2020/07/24 10:26:42 qdbupdate.go:39: sector update batch processing TEL
LOG:	2020/07/24 10:26:42 qdbupdate.go:39: sector update batch processing FTI
LOG:	2020/07/24 10:26:42 qdbupdate.go:39: sector update batch processing TDY
LOG:	2020/07/24 10:26:42 qdbupdate.go:39: sector update batch processing TFX
LOG:	2020/07/24 10:26:42 qdbupdate.go:39: sector update batch processing TXN
LOG:	2020/07/24 10:26:42 qdbupdate.go:39: sector update batch processing TXT
LOG:	2020/07/24 10:26:42 qdbupdate.go:39: sector update batch processing TMO
LOG:	2020/07/24 10:26:42 qdbupdate.go:39: sector update batch processing TIF
LOG:	2020/07/24 10:26:42 qdbupdate.go:39: sector update batch processing TJX
LOG:	2020/07/24 10:26:42 qdbupdate.go:39: sector update batch processing TSCO
LOG:	2020/07/24 10:26:42 qdbupdate.go:39: sector update batch processing TT
LOG:	2020/07/24 10:26:42 qdbupdate.go:39: sector update batch processing TDG
LOG:	2020/07/24 10:26:42 qdbupdate.go:39: sector update batch processing TRV
LOG:	2020/07/24 10:26:42 qdbupdate.go:39: sector update batch processing TFC
LOG:	2020/07/24 10:26:42 qdbupdate.go:39: sector update batch processing TWTR
LOG:	2020/07/24 10:26:42 qdbupdate.go:39: sector update batch processing TYL
LOG:	2020/07/24 10:26:42 qdbupdate.go:39: sector update batch processing TSN
LOG:	2020/07/24 10:26:42 qdbupdate.go:39: sector update batch processing UDR
LOG:	2020/07/24 10:26:42 qdbupdate.go:39: sector update batch processing ULTA
LOG:	2020/07/24 10:26:42 qdbupdate.go:39: sector update batch processing USB
LOG:	2020/07/24 10:26:42 qdbupdate.go:39: sector update batch processing UAA
LOG:	2020/07/24 10:26:42 qdbupdate.go:39: sector update batch processing UA
LOG:	2020/07/24 10:26:42 qdbupdate.go:39: sector update batch processing UNP
LOG:	2020/07/24 10:26:42 qdbupdate.go:39: sector update batch processing UAL
LOG:	2020/07/24 10:26:42 qdbupdate.go:39: sector update batch processing UNH
LOG:	2020/07/24 10:26:42 qdbupdate.go:39: sector update batch processing UPS
LOG:	2020/07/24 10:26:42 qdbupdate.go:39: sector update batch processing URI
LOG:	2020/07/24 10:26:42 qdbupdate.go:39: sector update batch processing UHS
LOG:	2020/07/24 10:26:42 qdbupdate.go:39: sector update batch processing UNM
LOG:	2020/07/24 10:26:42 qdbupdate.go:39: sector update batch processing VFC
LOG:	2020/07/24 10:26:42 qdbupdate.go:39: sector update batch processing VLO
LOG:	2020/07/24 10:26:42 qdbupdate.go:39: sector update batch processing VAR
LOG:	2020/07/24 10:26:42 qdbupdate.go:39: sector update batch processing VTR
LOG:	2020/07/24 10:26:42 qdbupdate.go:39: sector update batch processing VRSN
LOG:	2020/07/24 10:26:42 qdbupdate.go:39: sector update batch processing VRSK
LOG:	2020/07/24 10:26:42 qdbupdate.go:39: sector update batch processing VZ
LOG:	2020/07/24 10:26:42 qdbupdate.go:39: sector update batch processing VRTX
LOG:	2020/07/24 10:26:42 qdbupdate.go:39: sector update batch processing VIAC
LOG:	2020/07/24 10:26:42 qdbupdate.go:39: sector update batch processing V
LOG:	2020/07/24 10:26:42 qdbupdate.go:39: sector update batch processing VNO
LOG:	2020/07/24 10:26:42 qdbupdate.go:39: sector update batch processing VMC
LOG:	2020/07/24 10:26:42 qdbupdate.go:39: sector update batch processing WRB
LOG:	2020/07/24 10:26:42 qdbupdate.go:39: sector update batch processing WAB
LOG:	2020/07/24 10:26:42 qdbupdate.go:39: sector update batch processing WMT
LOG:	2020/07/24 10:26:42 qdbupdate.go:39: sector update batch processing WBA
LOG:	2020/07/24 10:26:42 qdbupdate.go:39: sector update batch processing DIS
LOG:	2020/07/24 10:26:42 qdbupdate.go:39: sector update batch processing WM
LOG:	2020/07/24 10:26:42 qdbupdate.go:39: sector update batch processing WAT
LOG:	2020/07/24 10:26:42 qdbupdate.go:39: sector update batch processing WEC
LOG:	2020/07/24 10:26:42 qdbupdate.go:39: sector update batch processing WFC
LOG:	2020/07/24 10:26:42 qdbupdate.go:39: sector update batch processing WELL
LOG:	2020/07/24 10:26:42 qdbupdate.go:39: sector update batch processing WST
LOG:	2020/07/24 10:26:42 qdbupdate.go:39: sector update batch processing WDC
LOG:	2020/07/24 10:26:42 qdbupdate.go:39: sector update batch processing WU
LOG:	2020/07/24 10:26:42 qdbupdate.go:39: sector update batch processing WRK
LOG:	2020/07/24 10:26:42 qdbupdate.go:39: sector update batch processing WY
LOG:	2020/07/24 10:26:42 qdbupdate.go:39: sector update batch processing WHR
LOG:	2020/07/24 10:26:42 qdbupdate.go:39: sector update batch processing WMB
LOG:	2020/07/24 10:26:42 qdbupdate.go:39: sector update batch processing WLTW
LOG:	2020/07/24 10:26:42 qdbupdate.go:39: sector update batch processing WYNN
LOG:	2020/07/24 10:26:42 qdbupdate.go:39: sector update batch processing XEL
LOG:	2020/07/24 10:26:42 qdbupdate.go:39: sector update batch processing XRX
LOG:	2020/07/24 10:26:42 qdbupdate.go:39: sector update batch processing XLNX
LOG:	2020/07/24 10:26:42 qdbupdate.go:39: sector update batch processing XYL
LOG:	2020/07/24 10:26:42 qdbupdate.go:39: sector update batch processing YUM
LOG:	2020/07/24 10:26:42 qdbupdate.go:39: sector update batch processing ZBRA
LOG:	2020/07/24 10:26:42 qdbupdate.go:39: sector update batch processing ZBH
LOG:	2020/07/24 10:26:42 qdbupdate.go:39: sector update batch processing ZION
LOG:	2020/07/24 10:26:42 qdbupdate.go:39: sector update batch processing ZTS
LOG:	2020/07/24 10:26:42 qdbupdate.go:58: update sect commit in 115.9632ms
